<?xml version="1.0" encoding="UTF-8" ?>
<testsuite tests="1" failures="0" name="com.egocorp.TestHomePage" time="0.592" errors="0" skipped="0">
  <properties>
    <property name="idea.version" value="14.1.6"/>
    <property name="java.runtime.name" value="Java(TM) SE Runtime Environment"/>
    <property name="sun.boot.library.path" value="/opt/java/jdk1.8.0_65/jre/lib/i386"/>
    <property name="java.vm.version" value="25.65-b01"/>
    <property name="java.vm.vendor" value="Oracle Corporation"/>
    <property name="java.vendor.url" value="http://java.oracle.com/"/>
    <property name="path.separator" value=":"/>
    <property name="guice.disable.misplaced.annotation.check" value="true"/>
    <property name="java.vm.name" value="Java HotSpot(TM) Server VM"/>
    <property name="file.encoding.pkg" value="sun.io"/>
    <property name="idea.launcher.port" value="7534"/>
    <property name="user.country" value="US"/>
    <property name="sun.java.launcher" value="SUN_STANDARD"/>
    <property name="sun.os.patch.level" value="unknown"/>
    <property name="java.vm.specification.name" value="Java Virtual Machine Specification"/>
    <property name="user.dir" value="/home/maxim/mytesttask"/>
    <property name="java.runtime.version" value="1.8.0_65-b17"/>
    <property name="java.awt.graphicsenv" value="sun.awt.X11GraphicsEnvironment"/>
    <property name="java.endorsed.dirs" value="/opt/java/jdk1.8.0_65/jre/lib/endorsed"/>
    <property name="os.arch" value="i386"/>
    <property name="java.io.tmpdir" value="/tmp"/>
    <property name="line.separator" value="
"/>
    <property name="java.vm.specification.vendor" value="Oracle Corporation"/>
    <property name="os.name" value="Linux"/>
    <property name="classworlds.conf" value="/home/maxim/idea-IU-ULTRA/plugins/maven/lib/maven3/bin/m2.conf"/>
    <property name="sun.jnu.encoding" value="UTF-8"/>
    <property name="java.library.path" value="/home/maxim/idea-IU-ULTRA/bin::/usr/java/packages/lib/i386:/lib:/usr/lib"/>
    <property name="java.specification.name" value="Java Platform API Specification"/>
    <property name="java.class.version" value="52.0"/>
    <property name="sun.management.compiler" value="HotSpot Tiered Compilers"/>
    <property name="os.version" value="3.16.0-38-generic"/>
    <property name="user.home" value="/home/maxim"/>
    <property name="user.timezone" value="Asia/Novosibirsk"/>
    <property name="java.awt.printerjob" value="sun.print.PSPrinterJob"/>
    <property name="java.specification.version" value="1.8"/>
    <property name="idea.launcher.bin.path" value="/home/maxim/idea-IU-ULTRA/bin"/>
    <property name="file.encoding" value="UTF-8"/>
    <property name="user.name" value="maxim"/>
    <property name="java.class.path" value="/home/maxim/idea-IU-ULTRA/plugins/maven/lib/maven3/boot/plexus-classworlds-2.4.jar:/home/maxim/idea-IU-ULTRA/lib/idea_rt.jar"/>
    <property name="java.vm.specification.version" value="1.8"/>
    <property name="sun.arch.data.model" value="32"/>
    <property name="java.home" value="/opt/java/jdk1.8.0_65/jre"/>
    <property name="sun.java.command" value="com.intellij.rt.execution.application.AppMain org.codehaus.classworlds.Launcher -Didea.version=14.1.6 install"/>
    <property name="java.specification.vendor" value="Oracle Corporation"/>
    <property name="user.language" value="en"/>
    <property name="awt.toolkit" value="sun.awt.X11.XToolkit"/>
    <property name="java.vm.info" value="mixed mode"/>
    <property name="java.version" value="1.8.0_65"/>
    <property name="java.ext.dirs" value="/opt/java/jdk1.8.0_65/jre/lib/ext:/usr/java/packages/lib/ext"/>
    <property name="securerandom.source" value="file:/dev/./urandom"/>
    <property name="sun.boot.class.path" value="/opt/java/jdk1.8.0_65/jre/lib/resources.jar:/opt/java/jdk1.8.0_65/jre/lib/rt.jar:/opt/java/jdk1.8.0_65/jre/lib/sunrsasign.jar:/opt/java/jdk1.8.0_65/jre/lib/jsse.jar:/opt/java/jdk1.8.0_65/jre/lib/jce.jar:/opt/java/jdk1.8.0_65/jre/lib/charsets.jar:/opt/java/jdk1.8.0_65/jre/lib/jfr.jar:/opt/java/jdk1.8.0_65/jre/classes"/>
    <property name="java.vendor" value="Oracle Corporation"/>
    <property name="maven.home" value="/home/maxim/idea-IU-ULTRA/plugins/maven/lib/maven3"/>
    <property name="file.separator" value="/"/>
    <property name="java.vendor.url.bug" value="http://bugreport.sun.com/bugreport/"/>
    <property name="sun.cpu.endian" value="little"/>
    <property name="sun.io.unicode.encoding" value="UnicodeLittle"/>
    <property name="sun.desktop" value="gnome"/>
    <property name="sun.cpu.isalist" value=""/>
  </properties>
  <testcase classname="com.egocorp.TestHomePage" name="homepageRendersSuccessfully" time="0.546"/>
</testsuite>